#
# There is insufficient memory for the Java Runtime Environment to continue.
# Native memory allocation (malloc) failed to allocate 1438544 bytes. Error detail: Chunk::new
# Possible reasons:
#   The system is out of physical RAM or swap space
#   This process is running with CompressedOops enabled, and the Java Heap may be blocking the growth of the native heap
# Possible solutions:
#   Reduce memory load on the system
#   Increase physical memory or swap space
#   Check if swap backing store is full
#   Decrease Java heap size (-Xmx/-Xms)
#   Decrease number of Java threads
#   Decrease Java thread stack sizes (-Xss)
#   Set larger code cache with -XX:ReservedCodeCacheSize=
#   JVM is running with Zero Based Compressed Oops mode in which the Java heap is
#     placed in the first 32GB address space. The Java Heap base address is the
#     maximum limit for the native heap growth. Please use -XX:HeapBaseMinAddress
#     to set the Java Heap base and to place the Java Heap above 32GB virtual address.
# This output file may be truncated or incomplete.
#
#  Out of Memory Error (arena.cpp:162), pid=26420, tid=15272
#
# JRE version: OpenJDK Runtime Environment Zulu24.32+13-CA (24.0.2+12) (build 24.0.2+12)
# Java VM: OpenJDK 64-Bit Server VM Zulu24.32+13-CA (24.0.2+12, mixed mode, sharing, tiered, compressed oops, compressed class ptrs, g1 gc, windows-amd64)
# No core dump will be written. Minidumps are not enabled by default on client versions of Windows
#

---------------  S U M M A R Y ------------

Command Line: -Dfile.encoding=UTF-8 --module-path=C:\Users\vinay\OneDrive\Documents\NetBeansProjects\ATM-Simulator-System\build\classes atm.simulator.system.Login

Host: 13th Gen Intel(R) Core(TM) i5-13420H, 12 cores, 15G,  Windows 11 , 64 bit Build 26100 (10.0.26100.6725)
Time: Thu Oct  2 08:04:15 2025 India Standard Time elapsed time: 18.430829 seconds (0d 0h 0m 18s)

---------------  T H R E A D  ---------------

Current thread (0x000001f100a9f070):  JavaThread "C2 CompilerThread0" daemon [_thread_in_native, id=15272, stack(0x0000009668800000,0x0000009668900000) (1024K)]


Current CompileTask:
C2:18430 2824       4       java.awt.Container::findComponentAtImpl (161 bytes)

Stack: [0x0000009668800000,0x0000009668900000]
Native frames: (J=compiled Java code, j=interpreted, Vv=VM code, C=native code)
V  [jvm.dll+0x741329]  (no source info available)
V  [jvm.dll+0x97e243]  (no source info available)
V  [jvm.dll+0x98056d]  (no source info available)
V  [jvm.dll+0x980be3]  (no source info available)
V  [jvm.dll+0x2b5a76]  (no source info available)
V  [jvm.dll+0xd00af]  (no source info available)
V  [jvm.dll+0xd030f]  (no source info available)
V  [jvm.dll+0x15b85f]  (no source info available)
V  [jvm.dll+0x746bef]  (no source info available)
V  [jvm.dll+0x27a478]  (no source info available)
V  [jvm.dll+0x279591]  (no source info available)
V  [jvm.dll+0x1f30fa]  (no source info available)
V  [jvm.dll+0x288d95]  (no source info available)
V  [jvm.dll+0x28702a]  (no source info available)
V  [jvm.dll+0x43e016]  (no source info available)
V  [jvm.dll+0x920c78]  (no source info available)
V  [jvm.dll+0x73fab5]  (no source info available)
C  [ucrtbase.dll+0x37b0]  (no source info available)
C  [KERNEL32.DLL+0x2e8d7]  (no source info available)
C  [ntdll.dll+0x8c53c]  (no source info available)

Lock stack of current Java thread (top to bottom):


---------------  P R O C E S S  ---------------

Threads class SMR info:
_java_thread_list=0x000001f146215930, length=17, elements={
0x000001f100746220, 0x000001f100746b60, 0x000001f10074c660, 0x000001f10074dcc0,
0x000001f100a92770, 0x000001f100a95660, 0x000001f100a9f070, 0x000001f100a9fc40,
0x000001f100b98a60, 0x000001f100c16100, 0x000001f146332890, 0x000001f1460a7190,
0x000001f146351c20, 0x000001f100e66890, 0x000001f15eb0b4e0, 0x000001f1465ef5c0,
0x000001f1465f1a50
}

Java Threads: ( => current thread )
  0x000001f100746220 JavaThread "Reference Handler"          daemon [_thread_blocked, id=21604, stack(0x0000009668200000,0x0000009668300000) (1024K)]
  0x000001f100746b60 JavaThread "Finalizer"                  daemon [_thread_blocked, id=28640, stack(0x0000009668300000,0x0000009668400000) (1024K)]
  0x000001f10074c660 JavaThread "Signal Dispatcher"          daemon [_thread_blocked, id=16676, stack(0x0000009668400000,0x0000009668500000) (1024K)]
  0x000001f10074dcc0 JavaThread "Attach Listener"            daemon [_thread_blocked, id=22824, stack(0x0000009668500000,0x0000009668600000) (1024K)]
  0x000001f100a92770 JavaThread "Service Thread"             daemon [_thread_blocked, id=40808, stack(0x0000009668600000,0x0000009668700000) (1024K)]
  0x000001f100a95660 JavaThread "Monitor Deflation Thread"   daemon [_thread_blocked, id=40120, stack(0x0000009668700000,0x0000009668800000) (1024K)]
=>0x000001f100a9f070 JavaThread "C2 CompilerThread0"         daemon [_thread_in_native, id=15272, stack(0x0000009668800000,0x0000009668900000) (1024K)]
  0x000001f100a9fc40 JavaThread "C1 CompilerThread0"         daemon [_thread_blocked, id=19588, stack(0x0000009668900000,0x0000009668a00000) (1024K)]
  0x000001f100b98a60 JavaThread "Common-Cleaner"             daemon [_thread_blocked, id=15424, stack(0x0000009668a00000,0x0000009668b00000) (1024K)]
  0x000001f100c16100 JavaThread "Notification Thread"        daemon [_thread_blocked, id=32448, stack(0x0000009668b00000,0x0000009668c00000) (1024K)]
  0x000001f146332890 JavaThread "Java2D Disposer"            daemon [_thread_blocked, id=38712, stack(0x0000009668d00000,0x0000009668e00000) (1024K)]
  0x000001f1460a7190 JavaThread "AWT-Shutdown"                      [_thread_blocked, id=20296, stack(0x0000009668e00000,0x0000009668f00000) (1024K)]
  0x000001f146351c20 JavaThread "AWT-Windows"                daemon [_thread_in_native, id=16584, stack(0x0000009668f00000,0x0000009669000000) (1024K)]
  0x000001f100e66890 JavaThread "AWT-EventQueue-0"                  [_thread_blocked, id=35992, stack(0x0000009669100000,0x0000009669200000) (1024K)]
  0x000001f15eb0b4e0 JavaThread "DestroyJavaVM"                     [_thread_blocked, id=20112, stack(0x0000009667a00000,0x0000009667b00000) (1024K)]
  0x000001f1465ef5c0 JavaThread "TimerQueue"                 daemon [_thread_blocked, id=23112, stack(0x0000009669500000,0x0000009669600000) (1024K)]
  0x000001f1465f1a50 JavaThread "mysql-cj-abandoned-connection-cleanup" daemon [_thread_blocked, id=24600, stack(0x0000009668c00000,0x0000009668d00000) (1024K)]
Total: 17

Other Threads:
  0x000001f1007331c0 VMThread "VM Thread"                           [id=37364, stack(0x0000009668100000,0x0000009668200000) (1024K)]
  0x000001f1005ef660 WatcherThread "VM Periodic Task Thread"        [id=34812, stack(0x0000009668000000,0x0000009668100000) (1024K)]
  0x000001f160f4f050 WorkerThread "GC Thread#0"                     [id=34800, stack(0x0000009667b00000,0x0000009667c00000) (1024K)]
  0x000001f14624f480 WorkerThread "GC Thread#1"                     [id=32540, stack(0x0000009669800000,0x0000009669900000) (1024K)]
  0x000001f1460463a0 WorkerThread "GC Thread#2"                     [id=40480, stack(0x0000009669900000,0x0000009669a00000) (1024K)]
  0x000001f100e35550 WorkerThread "GC Thread#3"                     [id=29848, stack(0x0000009669a00000,0x0000009669b00000) (1024K)]
  0x000001f100e35900 WorkerThread "GC Thread#4"                     [id=32560, stack(0x0000009669b00000,0x0000009669c00000) (1024K)]
  0x000001f100e35cb0 WorkerThread "GC Thread#5"                     [id=28464, stack(0x0000009669c00000,0x0000009669d00000) (1024K)]
  0x000001f148359ba0 WorkerThread "GC Thread#6"                     [id=39044, stack(0x0000009669d00000,0x0000009669e00000) (1024K)]
  0x000001f1460991a0 WorkerThread "GC Thread#7"                     [id=36476, stack(0x0000009669e00000,0x0000009669f00000) (1024K)]
  0x000001f14629e3f0 WorkerThread "GC Thread#8"                     [id=17828, stack(0x0000009669f00000,0x000000966a000000) (1024K)]
  0x000001f14629f660 WorkerThread "GC Thread#9"                     [id=37700, stack(0x000000966a000000,0x000000966a100000) (1024K)]
  0x000001f160f639c0 ConcurrentGCThread "G1 Main Marker"            [id=29804, stack(0x0000009667c00000,0x0000009667d00000) (1024K)]
  0x000001f160f644d0 WorkerThread "G1 Conc#0"                       [id=28800, stack(0x0000009667d00000,0x0000009667e00000) (1024K)]
  0x000001f1005dd8d0 ConcurrentGCThread "G1 Refine#0"               [id=8700, stack(0x0000009667e00000,0x0000009667f00000) (1024K)]
  0x000001f1005df110 ConcurrentGCThread "G1 Service"                [id=35788, stack(0x0000009667f00000,0x0000009668000000) (1024K)]
Total: 16

Threads with active compile tasks:
C2 CompilerThread0  19459 2824       4       java.awt.Container::findComponentAtImpl (161 bytes)
Total: 1

VM state: not at safepoint (normal execution)

VM Mutex/Monitor currently owned by a thread: None

Heap address: 0x0000000705800000, size: 4008 MB, Compressed Oops mode: Zero based, Oop shift amount: 3

CDS archive(s) mapped at: [0x000001f101000000-0x000001f101d40000-0x000001f101d40000), size 13893632, SharedBaseAddress: 0x000001f101000000, ArchiveRelocationMode: 1.
Compressed class space mapped at: 0x000001f102000000-0x000001f142000000, reserved size: 1073741824
UseCompressedClassPointers 1, UseCompactObjectHeaders 0
Narrow klass pointer bits 32, Max shift 3
Narrow klass base: 0x000001f101000000, Narrow klass shift: 0
Encoding Range: [0x000001f101000000 - 0x000001f201000000), (4294967296 bytes)
Klass Range:    [0x000001f101000000 - 0x000001f142000000), (1090519040 bytes)
Klass ID Range:  [8 - 1090519033) (1090519025)

GC Precious Log:
 CardTable entry size: 512
 Card Set container configuration: InlinePtr #cards 4 size 8 Array Of Cards #cards 16 size 48 Howl #buckets 8 coarsen threshold 3686 Howl Bitmap #cards 512 size 80 coarsen threshold 460 Card regions per heap region 1 cards per card region 4096
 CPUs: 12 total, 12 available
 Memory: 16024M
 Large Page Support: Disabled
 NUMA Support: Disabled
 Compressed Oops: Enabled (Zero based)
 Heap Region Size: 2M
 Heap Min Capacity: 8M
 Heap Initial Capacity: 252M
 Heap Max Capacity: 4008M
 Pre-touch: Disabled
 Parallel Workers: 10
 Concurrent Workers: 3
 Concurrent Refinement Workers: 10
 Periodic GC: Disabled

Heap:
 garbage-first heap   total reserved 4104192K, committed 260096K, used 37018K [0x0000000705800000, 0x0000000800000000)
  region size 2048K, 9 young (18432K), 3 survivors (6144K)
 Metaspace       used 18280K, committed 18560K, reserved 1114112K
  class space    used 1659K, committed 1792K, reserved 1048576K

Heap Regions: E=young(eden), S=young(survivor), O=old, HS=humongous(starts), HC=humongous(continues), CS=collection set, F=free, TAMS=top-at-mark-start, PB=parsable bottom
|   0|0x0000000705800000, 0x0000000705a00000, 0x0000000705a00000|100%|HS|  |TAMS 0x0000000705800000| PB 0x0000000705800000| Complete |  0
|   1|0x0000000705a00000, 0x0000000705c00000, 0x0000000705c00000|100%|HC|  |TAMS 0x0000000705a00000| PB 0x0000000705a00000| Complete |  0
|   2|0x0000000705c00000, 0x0000000705e00000, 0x0000000705e00000|100%|HS|  |TAMS 0x0000000705c00000| PB 0x0000000705c00000| Complete |  0
|   3|0x0000000705e00000, 0x0000000706000000, 0x0000000706000000|100%|HC|  |TAMS 0x0000000705e00000| PB 0x0000000705e00000| Complete |  0
|   4|0x0000000706000000, 0x000000070610a830, 0x0000000706200000| 52%| O|  |TAMS 0x0000000706000000| PB 0x0000000706000000| Untracked |  0
|   5|0x0000000706200000, 0x0000000706400000, 0x0000000706400000|100%|HS|  |TAMS 0x0000000706200000| PB 0x0000000706200000| Complete |  0
|   6|0x0000000706400000, 0x0000000706600000, 0x0000000706600000|100%|HC|  |TAMS 0x0000000706400000| PB 0x0000000706400000| Complete |  0
|   7|0x0000000706600000, 0x0000000706800000, 0x0000000706800000|100%|HS|  |TAMS 0x0000000706600000| PB 0x0000000706600000| Complete |  0
|   8|0x0000000706800000, 0x0000000706a00000, 0x0000000706a00000|100%|HC|  |TAMS 0x0000000706800000| PB 0x0000000706800000| Complete |  0
|   9|0x0000000706a00000, 0x0000000706c00000, 0x0000000706c00000|100%|HC|  |TAMS 0x0000000706a00000| PB 0x0000000706a00000| Complete |  0
|  10|0x0000000706c00000, 0x0000000706c00000, 0x0000000706e00000|  0%| F|  |TAMS 0x0000000706c00000| PB 0x0000000706c00000| Untracked |  0
|  11|0x0000000706e00000, 0x0000000706e00000, 0x0000000707000000|  0%| F|  |TAMS 0x0000000706e00000| PB 0x0000000706e00000| Untracked |  0
|  12|0x0000000707000000, 0x0000000707000000, 0x0000000707200000|  0%| F|  |TAMS 0x0000000707000000| PB 0x0000000707000000| Untracked |  0
|  13|0x0000000707200000, 0x0000000707200000, 0x0000000707400000|  0%| F|  |TAMS 0x0000000707200000| PB 0x0000000707200000| Untracked |  0
|  14|0x0000000707400000, 0x0000000707400000, 0x0000000707600000|  0%| F|  |TAMS 0x0000000707400000| PB 0x0000000707400000| Untracked |  0
|  15|0x0000000707600000, 0x0000000707600000, 0x0000000707800000|  0%| F|  |TAMS 0x0000000707600000| PB 0x0000000707600000| Untracked |  0
|  16|0x0000000707800000, 0x0000000707800000, 0x0000000707a00000|  0%| F|  |TAMS 0x0000000707800000| PB 0x0000000707800000| Untracked |  0
|  17|0x0000000707a00000, 0x0000000707a00000, 0x0000000707c00000|  0%| F|  |TAMS 0x0000000707a00000| PB 0x0000000707a00000| Untracked |  0
|  18|0x0000000707c00000, 0x0000000707c00000, 0x0000000707e00000|  0%| F|  |TAMS 0x0000000707c00000| PB 0x0000000707c00000| Untracked |  0
|  19|0x0000000707e00000, 0x0000000707e00000, 0x0000000708000000|  0%| F|  |TAMS 0x0000000707e00000| PB 0x0000000707e00000| Untracked |  0
|  20|0x0000000708000000, 0x0000000708000000, 0x0000000708200000|  0%| F|  |TAMS 0x0000000708000000| PB 0x0000000708000000| Untracked |  0
|  21|0x0000000708200000, 0x0000000708200000, 0x0000000708400000|  0%| F|  |TAMS 0x0000000708200000| PB 0x0000000708200000| Untracked |  0
|  22|0x0000000708400000, 0x0000000708400000, 0x0000000708600000|  0%| F|  |TAMS 0x0000000708400000| PB 0x0000000708400000| Untracked |  0
|  23|0x0000000708600000, 0x0000000708600000, 0x0000000708800000|  0%| F|  |TAMS 0x0000000708600000| PB 0x0000000708600000| Untracked |  0
|  24|0x0000000708800000, 0x0000000708800000, 0x0000000708a00000|  0%| F|  |TAMS 0x0000000708800000| PB 0x0000000708800000| Untracked |  0
|  25|0x0000000708a00000, 0x0000000708a00000, 0x0000000708c00000|  0%| F|  |TAMS 0x0000000708a00000| PB 0x0000000708a00000| Untracked |  0
|  26|0x0000000708c00000, 0x0000000708c00000, 0x0000000708e00000|  0%| F|  |TAMS 0x0000000708c00000| PB 0x0000000708c00000| Untracked |  0
|  27|0x0000000708e00000, 0x0000000708e00000, 0x0000000709000000|  0%| F|  |TAMS 0x0000000708e00000| PB 0x0000000708e00000| Untracked |  0
|  28|0x0000000709000000, 0x0000000709000000, 0x0000000709200000|  0%| F|  |TAMS 0x0000000709000000| PB 0x0000000709000000| Untracked |  0
|  29|0x0000000709200000, 0x0000000709200000, 0x0000000709400000|  0%| F|  |TAMS 0x0000000709200000| PB 0x0000000709200000| Untracked |  0
|  30|0x0000000709400000, 0x0000000709400000, 0x0000000709600000|  0%| F|  |TAMS 0x0000000709400000| PB 0x0000000709400000| Untracked |  0
|  31|0x0000000709600000, 0x0000000709600000, 0x0000000709800000|  0%| F|  |TAMS 0x0000000709600000| PB 0x0000000709600000| Untracked |  0
|  32|0x0000000709800000, 0x0000000709800000, 0x0000000709a00000|  0%| F|  |TAMS 0x0000000709800000| PB 0x0000000709800000| Untracked |  0
|  33|0x0000000709a00000, 0x0000000709a00000, 0x0000000709c00000|  0%| F|  |TAMS 0x0000000709a00000| PB 0x0000000709a00000| Untracked |  0
|  34|0x0000000709c00000, 0x0000000709c00000, 0x0000000709e00000|  0%| F|  |TAMS 0x0000000709c00000| PB 0x0000000709c00000| Untracked |  0
|  35|0x0000000709e00000, 0x0000000709e00000, 0x000000070a000000|  0%| F|  |TAMS 0x0000000709e00000| PB 0x0000000709e00000| Untracked |  0
|  36|0x000000070a000000, 0x000000070a000000, 0x000000070a200000|  0%| F|  |TAMS 0x000000070a000000| PB 0x000000070a000000| Untracked |  0
|  37|0x000000070a200000, 0x000000070a200000, 0x000000070a400000|  0%| F|  |TAMS 0x000000070a200000| PB 0x000000070a200000| Untracked |  0
|  38|0x000000070a400000, 0x000000070a400000, 0x000000070a600000|  0%| F|  |TAMS 0x000000070a400000| PB 0x000000070a400000| Untracked |  0
|  39|0x000000070a600000, 0x000000070a600000, 0x000000070a800000|  0%| F|  |TAMS 0x000000070a600000| PB 0x000000070a600000| Untracked |  0
|  40|0x000000070a800000, 0x000000070a800000, 0x000000070aa00000|  0%| F|  |TAMS 0x000000070a800000| PB 0x000000070a800000| Untracked |  0
|  41|0x000000070aa00000, 0x000000070aa00000, 0x000000070ac00000|  0%| F|  |TAMS 0x000000070aa00000| PB 0x000000070aa00000| Untracked |  0
|  42|0x000000070ac00000, 0x000000070ac00000, 0x000000070ae00000|  0%| F|  |TAMS 0x000000070ac00000| PB 0x000000070ac00000| Untracked |  0
|  43|0x000000070ae00000, 0x000000070ae00000, 0x000000070b000000|  0%| F|  |TAMS 0x000000070ae00000| PB 0x000000070ae00000| Untracked |  0
|  44|0x000000070b000000, 0x000000070b000000, 0x000000070b200000|  0%| F|  |TAMS 0x000000070b000000| PB 0x000000070b000000| Untracked |  0
|  45|0x000000070b200000, 0x000000070b200000, 0x000000070b400000|  0%| F|  |TAMS 0x000000070b200000| PB 0x000000070b200000| Untracked |  0
|  46|0x000000070b400000, 0x000000070b400000, 0x000000070b600000|  0%| F|  |TAMS 0x000000070b400000| PB 0x000000070b400000| Untracked |  0
|  47|0x000000070b600000, 0x000000070b600000, 0x000000070b800000|  0%| F|  |TAMS 0x000000070b600000| PB 0x000000070b600000| Untracked |  0
|  48|0x000000070b800000, 0x000000070b800000, 0x000000070ba00000|  0%| F|  |TAMS 0x000000070b800000| PB 0x000000070b800000| Untracked |  0
|  49|0x000000070ba00000, 0x000000070ba00000, 0x000000070bc00000|  0%| F|  |TAMS 0x000000070ba00000| PB 0x000000070ba00000| Untracked |  0
|  50|0x000000070bc00000, 0x000000070bc00000, 0x000000070be00000|  0%| F|  |TAMS 0x000000070bc00000| PB 0x000000070bc00000| Untracked |  0
|  51|0x000000070be00000, 0x000000070be00000, 0x000000070c000000|  0%| F|  |TAMS 0x000000070be00000| PB 0x000000070be00000| Untracked |  0
|  52|0x000000070c000000, 0x000000070c000000, 0x000000070c200000|  0%| F|  |TAMS 0x000000070c000000| PB 0x000000070c000000| Untracked |  0
|  53|0x000000070c200000, 0x000000070c200000, 0x000000070c400000|  0%| F|  |TAMS 0x000000070c200000| PB 0x000000070c200000| Untracked |  0
|  54|0x000000070c400000, 0x000000070c400000, 0x000000070c600000|  0%| F|  |TAMS 0x000000070c400000| PB 0x000000070c400000| Untracked |  0
|  55|0x000000070c600000, 0x000000070c600000, 0x000000070c800000|  0%| F|  |TAMS 0x000000070c600000| PB 0x000000070c600000| Untracked |  0
|  56|0x000000070c800000, 0x000000070c800000, 0x000000070ca00000|  0%| F|  |TAMS 0x000000070c800000| PB 0x000000070c800000| Untracked |  0
|  57|0x000000070ca00000, 0x000000070ca00000, 0x000000070cc00000|  0%| F|  |TAMS 0x000000070ca00000| PB 0x000000070ca00000| Untracked |  0
|  58|0x000000070cc00000, 0x000000070cc00000, 0x000000070ce00000|  0%| F|  |TAMS 0x000000070cc00000| PB 0x000000070cc00000| Untracked |  0
|  59|0x000000070ce00000, 0x000000070ce00000, 0x000000070d000000|  0%| F|  |TAMS 0x000000070ce00000| PB 0x000000070ce00000| Untracked |  0
|  60|0x000000070d000000, 0x000000070d000000, 0x000000070d200000|  0%| F|  |TAMS 0x000000070d000000| PB 0x000000070d000000| Untracked |  0
|  61|0x000000070d200000, 0x000000070d200000, 0x000000070d400000|  0%| F|  |TAMS 0x000000070d200000| PB 0x000000070d200000| Untracked |  0
|  62|0x000000070d400000, 0x000000070d400000, 0x000000070d600000|  0%| F|  |TAMS 0x000000070d400000| PB 0x000000070d400000| Untracked |  0
|  63|0x000000070d600000, 0x000000070d600000, 0x000000070d800000|  0%| F|  |TAMS 0x000000070d600000| PB 0x000000070d600000| Untracked |  0
|  64|0x000000070d800000, 0x000000070d800000, 0x000000070da00000|  0%| F|  |TAMS 0x000000070d800000| PB 0x000000070d800000| Untracked |  0
|  65|0x000000070da00000, 0x000000070da00000, 0x000000070dc00000|  0%| F|  |TAMS 0x000000070da00000| PB 0x000000070da00000| Untracked |  0
|  66|0x000000070dc00000, 0x000000070dc00000, 0x000000070de00000|  0%| F|  |TAMS 0x000000070dc00000| PB 0x000000070dc00000| Untracked |  0
|  67|0x000000070de00000, 0x000000070de00000, 0x000000070e000000|  0%| F|  |TAMS 0x000000070de00000| PB 0x000000070de00000| Untracked |  0
|  68|0x000000070e000000, 0x000000070e000000, 0x000000070e200000|  0%| F|  |TAMS 0x000000070e000000| PB 0x000000070e000000| Untracked |  0
|  69|0x000000070e200000, 0x000000070e200000, 0x000000070e400000|  0%| F|  |TAMS 0x000000070e200000| PB 0x000000070e200000| Untracked |  0
|  70|0x000000070e400000, 0x000000070e400000, 0x000000070e600000|  0%| F|  |TAMS 0x000000070e400000| PB 0x000000070e400000| Untracked |  0
|  71|0x000000070e600000, 0x000000070e600000, 0x000000070e800000|  0%| F|  |TAMS 0x000000070e600000| PB 0x000000070e600000| Untracked |  0
|  72|0x000000070e800000, 0x000000070e800000, 0x000000070ea00000|  0%| F|  |TAMS 0x000000070e800000| PB 0x000000070e800000| Untracked |  0
|  73|0x000000070ea00000, 0x000000070ea00000, 0x000000070ec00000|  0%| F|  |TAMS 0x000000070ea00000| PB 0x000000070ea00000| Untracked |  0
|  74|0x000000070ec00000, 0x000000070ec00000, 0x000000070ee00000|  0%| F|  |TAMS 0x000000070ec00000| PB 0x000000070ec00000| Untracked |  0
|  75|0x000000070ee00000, 0x000000070ee00000, 0x000000070f000000|  0%| F|  |TAMS 0x000000070ee00000| PB 0x000000070ee00000| Untracked |  0
|  76|0x000000070f000000, 0x000000070f000000, 0x000000070f200000|  0%| F|  |TAMS 0x000000070f000000| PB 0x000000070f000000| Untracked |  0
|  77|0x000000070f200000, 0x000000070f200000, 0x000000070f400000|  0%| F|  |TAMS 0x000000070f200000| PB 0x000000070f200000| Untracked |  0
|  78|0x000000070f400000, 0x000000070f400000, 0x000000070f600000|  0%| F|  |TAMS 0x000000070f400000| PB 0x000000070f400000| Untracked |  0
|  79|0x000000070f600000, 0x000000070f600000, 0x000000070f800000|  0%| F|  |TAMS 0x000000070f600000| PB 0x000000070f600000| Untracked |  0
|  80|0x000000070f800000, 0x000000070f800000, 0x000000070fa00000|  0%| F|  |TAMS 0x000000070f800000| PB 0x000000070f800000| Untracked |  0
|  81|0x000000070fa00000, 0x000000070fa00000, 0x000000070fc00000|  0%| F|  |TAMS 0x000000070fa00000| PB 0x000000070fa00000| Untracked |  0
|  82|0x000000070fc00000, 0x000000070fc00000, 0x000000070fe00000|  0%| F|  |TAMS 0x000000070fc00000| PB 0x000000070fc00000| Untracked |  0
|  83|0x000000070fe00000, 0x000000070fe00000, 0x0000000710000000|  0%| F|  |TAMS 0x000000070fe00000| PB 0x000000070fe00000| Untracked |  0
|  84|0x0000000710000000, 0x0000000710000000, 0x0000000710200000|  0%| F|  |TAMS 0x0000000710000000| PB 0x0000000710000000| Untracked |  0
|  85|0x0000000710200000, 0x0000000710200000, 0x0000000710400000|  0%| F|  |TAMS 0x0000000710200000| PB 0x0000000710200000| Untracked |  0
|  86|0x0000000710400000, 0x0000000710400000, 0x0000000710600000|  0%| F|  |TAMS 0x0000000710400000| PB 0x0000000710400000| Untracked |  0
|  87|0x0000000710600000, 0x0000000710600000, 0x0000000710800000|  0%| F|  |TAMS 0x0000000710600000| PB 0x0000000710600000| Untracked |  0
|  88|0x0000000710800000, 0x0000000710800000, 0x0000000710a00000|  0%| F|  |TAMS 0x0000000710800000| PB 0x0000000710800000| Untracked |  0
|  89|0x0000000710a00000, 0x0000000710a00000, 0x0000000710c00000|  0%| F|  |TAMS 0x0000000710a00000| PB 0x0000000710a00000| Untracked |  0
|  90|0x0000000710c00000, 0x0000000710c00000, 0x0000000710e00000|  0%| F|  |TAMS 0x0000000710c00000| PB 0x0000000710c00000| Untracked |  0
|  91|0x0000000710e00000, 0x0000000710e00000, 0x0000000711000000|  0%| F|  |TAMS 0x0000000710e00000| PB 0x0000000710e00000| Untracked |  0
|  92|0x0000000711000000, 0x0000000711000000, 0x0000000711200000|  0%| F|  |TAMS 0x0000000711000000| PB 0x0000000711000000| Untracked |  0
|  93|0x0000000711200000, 0x0000000711200000, 0x0000000711400000|  0%| F|  |TAMS 0x0000000711200000| PB 0x0000000711200000| Untracked |  0
|  94|0x0000000711400000, 0x0000000711400000, 0x0000000711600000|  0%| F|  |TAMS 0x0000000711400000| PB 0x0000000711400000| Untracked |  0
|  95|0x0000000711600000, 0x0000000711600000, 0x0000000711800000|  0%| F|  |TAMS 0x0000000711600000| PB 0x0000000711600000| Untracked |  0
|  96|0x0000000711800000, 0x0000000711800000, 0x0000000711a00000|  0%| F|  |TAMS 0x0000000711800000| PB 0x0000000711800000| Untracked |  0
|  97|0x0000000711a00000, 0x0000000711a00000, 0x0000000711c00000|  0%| F|  |TAMS 0x0000000711a00000| PB 0x0000000711a00000| Untracked |  0
|  98|0x0000000711c00000, 0x0000000711c00000, 0x0000000711e00000|  0%| F|  |TAMS 0x0000000711c00000| PB 0x0000000711c00000| Untracked |  0
|  99|0x0000000711e00000, 0x0000000712000000, 0x0000000712000000|100%| S|CS|TAMS 0x0000000711e00000| PB 0x0000000711e00000| Complete |  0
| 100|0x0000000712000000, 0x0000000712200000, 0x0000000712200000|100%| S|CS|TAMS 0x0000000712000000| PB 0x0000000712000000| Complete |  0
| 101|0x0000000712200000, 0x0000000712400000, 0x0000000712400000|100%| S|CS|TAMS 0x0000000712200000| PB 0x0000000712200000| Complete |  0
| 102|0x0000000712400000, 0x0000000712400000, 0x0000000712600000|  0%| F|  |TAMS 0x0000000712400000| PB 0x0000000712400000| Untracked |  0
| 103|0x0000000712600000, 0x0000000712600000, 0x0000000712800000|  0%| F|  |TAMS 0x0000000712600000| PB 0x0000000712600000| Untracked |  0
| 104|0x0000000712800000, 0x0000000712800000, 0x0000000712a00000|  0%| F|  |TAMS 0x0000000712800000| PB 0x0000000712800000| Untracked |  0
| 105|0x0000000712a00000, 0x0000000712a00000, 0x0000000712c00000|  0%| F|  |TAMS 0x0000000712a00000| PB 0x0000000712a00000| Untracked |  0
| 106|0x0000000712c00000, 0x0000000712c00000, 0x0000000712e00000|  0%| F|  |TAMS 0x0000000712c00000| PB 0x0000000712c00000| Untracked |  0
| 107|0x0000000712e00000, 0x0000000712e00000, 0x0000000713000000|  0%| F|  |TAMS 0x0000000712e00000| PB 0x0000000712e00000| Untracked |  0
| 108|0x0000000713000000, 0x0000000713000000, 0x0000000713200000|  0%| F|  |TAMS 0x0000000713000000| PB 0x0000000713000000| Untracked |  0
| 109|0x0000000713200000, 0x0000000713200000, 0x0000000713400000|  0%| F|  |TAMS 0x0000000713200000| PB 0x0000000713200000| Untracked |  0
| 110|0x0000000713400000, 0x0000000713400000, 0x0000000713600000|  0%| F|  |TAMS 0x0000000713400000| PB 0x0000000713400000| Untracked |  0
| 111|0x0000000713600000, 0x0000000713600000, 0x0000000713800000|  0%| F|  |TAMS 0x0000000713600000| PB 0x0000000713600000| Untracked |  0
| 112|0x0000000713800000, 0x0000000713800000, 0x0000000713a00000|  0%| F|  |TAMS 0x0000000713800000| PB 0x0000000713800000| Untracked |  0
| 113|0x0000000713a00000, 0x0000000713a00000, 0x0000000713c00000|  0%| F|  |TAMS 0x0000000713a00000| PB 0x0000000713a00000| Untracked |  0
| 114|0x0000000713c00000, 0x0000000713c00000, 0x0000000713e00000|  0%| F|  |TAMS 0x0000000713c00000| PB 0x0000000713c00000| Untracked |  0
| 115|0x0000000713e00000, 0x0000000713e00000, 0x0000000714000000|  0%| F|  |TAMS 0x0000000713e00000| PB 0x0000000713e00000| Untracked |  0
| 116|0x0000000714000000, 0x0000000714000000, 0x0000000714200000|  0%| F|  |TAMS 0x0000000714000000| PB 0x0000000714000000| Untracked |  0
| 117|0x0000000714200000, 0x0000000714200000, 0x0000000714400000|  0%| F|  |TAMS 0x0000000714200000| PB 0x0000000714200000| Untracked |  0
| 118|0x0000000714400000, 0x0000000714400000, 0x0000000714600000|  0%| F|  |TAMS 0x0000000714400000| PB 0x0000000714400000| Untracked |  0
| 119|0x0000000714600000, 0x0000000714600000, 0x0000000714800000|  0%| F|  |TAMS 0x0000000714600000| PB 0x0000000714600000| Untracked |  0
| 120|0x0000000714800000, 0x0000000714923c68, 0x0000000714a00000| 56%| E|  |TAMS 0x0000000714800000| PB 0x0000000714800000| Complete |  0
| 121|0x0000000714a00000, 0x0000000714c00000, 0x0000000714c00000|100%| E|CS|TAMS 0x0000000714a00000| PB 0x0000000714a00000| Complete |  0
| 122|0x0000000714c00000, 0x0000000714e00000, 0x0000000714e00000|100%| E|CS|TAMS 0x0000000714c00000| PB 0x0000000714c00000| Complete |  0
| 123|0x0000000714e00000, 0x0000000715000000, 0x0000000715000000|100%| E|CS|TAMS 0x0000000714e00000| PB 0x0000000714e00000| Complete |  0
| 124|0x0000000715000000, 0x0000000715200000, 0x0000000715200000|100%| E|CS|TAMS 0x0000000715000000| PB 0x0000000715000000| Complete |  0
| 125|0x0000000715200000, 0x0000000715400000, 0x0000000715400000|100%| E|CS|TAMS 0x0000000715200000| PB 0x0000000715200000| Complete |  0
|2003|0x00000007ffe00000, 0x00000007fff1c318, 0x0000000800000000| 55%| O|  |TAMS 0x00000007ffe00000| PB 0x00000007ffe00000| Untracked |  0

Card table byte_map: [0x000001f179720000,0x000001f179f00000] _byte_map_base: 0x000001f175ef4000

Marking Bits: (CMBitMap*) 0x000001f160f4f760
 Bits: [0x000001f179f00000, 0x000001f17dda0000)

Polling page: 0x000001f15f0a0000

Metaspace:

Usage:
  Non-class:     16.23 MB used.
      Class:      1.62 MB used.
       Both:     17.85 MB used.

Virtual space:
  Non-class space:       64.00 MB reserved,      16.38 MB ( 26%) committed,  1 nodes.
      Class space:        1.00 GB reserved,       1.75 MB ( <1%) committed,  1 nodes.
             Both:        1.06 GB reserved,      18.12 MB (  2%) committed. 

Chunk freelists:
   Non-Class:  15.53 MB
       Class:  14.16 MB
        Both:  29.69 MB

MaxMetaspaceSize: unlimited
CompressedClassSpaceSize: 1.00 GB
Initial GC threshold: 21.00 MB
Current GC threshold: 21.00 MB
CDS: on
 - commit_granule_bytes: 65536.
 - commit_granule_words: 8192.
 - virtual_space_node_default_size: 8388608.
 - enlarge_chunks_in_place: 1.
UseCompressedClassPointers 1, UseCompactObjectHeaders 0
Narrow klass pointer bits 32, Max shift 3
Narrow klass base: 0x000001f101000000, Narrow klass shift: 0
Encoding Range: [0x000001f101000000 - 0x000001f201000000), (4294967296 bytes)
Klass Range:    [0x000001f101000000 - 0x000001f142000000), (1090519040 bytes)
Klass ID Range:  [8 - 1090519033) (1090519025)


Internal statistics:

num_allocs_failed_limit: 0.
num_arena_births: 186.
num_arena_deaths: 0.
num_vsnodes_births: 2.
num_vsnodes_deaths: 0.
num_space_committed: 290.
num_space_uncommitted: 0.
num_chunks_returned_to_freelist: 0.
num_chunks_taken_from_freelist: 392.
num_chunk_merges: 0.
num_chunk_splits: 228.
num_chunks_enlarged: 120.
num_inconsistent_stats: 0.

CodeHeap 'non-profiled nmethods': size=120064Kb used=927Kb max_used=927Kb free=119136Kb
 bounds [0x000001f1714b0000, 0x000001f171720000, 0x000001f1789f0000]
CodeHeap 'profiled nmethods': size=120000Kb used=4544Kb max_used=4544Kb free=115455Kb
 bounds [0x000001f1699f0000, 0x000001f169e70000, 0x000001f170f20000]
CodeHeap 'non-nmethods': size=5696Kb used=1609Kb max_used=1641Kb free=4086Kb
 bounds [0x000001f170f20000, 0x000001f171190000, 0x000001f1714b0000]
CodeCache: size=245760Kb, used=7080Kb, max_used=7112Kb, free=238677Kb
 total_blobs=3597, nmethods=2823, adapters=678, full_count=0
Compilation: enabled, stopped_count=0, restarted_count=0

Compilation events (20 events):
Event: 14.190 Thread 0x000001f100a9fc40 nmethod 2814 0x000001f169e59208 code [0x000001f169e59400, 0x000001f169e5a178]
Event: 14.218 Thread 0x000001f100a9fc40 2815       3       java.util.concurrent.locks.LockSupport::park (29 bytes)
Event: 14.219 Thread 0x000001f100a9fc40 nmethod 2815 0x000001f169e5a208 code [0x000001f169e5a380, 0x000001f169e5ab88]
Event: 14.756 Thread 0x000001f100a9fc40 2816   !   3       java.awt.KeyboardFocusManager::retargetFocusEvent (244 bytes)
Event: 14.759 Thread 0x000001f100a9fc40 nmethod 2816 0x000001f169e5ac08 code [0x000001f169e5b020, 0x000001f169e5e008]
Event: 14.881 Thread 0x000001f100a9fc40 2817       3       sun.awt.windows.WInputMethod::dispatchEvent (66 bytes)
Event: 14.882 Thread 0x000001f100a9fc40 nmethod 2817 0x000001f169e5e108 code [0x000001f169e5e260, 0x000001f169e5ea70]
Event: 14.917 Thread 0x000001f100a9f070 2818       4       sun.awt.AWTAutoShutdown::isReadyToShutdown (37 bytes)
Event: 14.919 Thread 0x000001f100a9f070 nmethod 2818 0x000001f171597188 code [0x000001f1715972a0, 0x000001f171597388]
Event: 15.079 Thread 0x000001f100a9fc40 2819   !   3       java.util.concurrent.locks.AbstractQueuedSynchronizer$ConditionObject::newConditionNode (78 bytes)
Event: 15.080 Thread 0x000001f100a9fc40 nmethod 2819 0x000001f169e5eb08 code [0x000001f169e5ece0, 0x000001f169e5f630]
Event: 15.080 Thread 0x000001f100a9fc40 2820       3       java.util.concurrent.locks.AbstractQueuedSynchronizer$ConditionObject::enableWait (84 bytes)
Event: 15.080 Thread 0x000001f100a9fc40 nmethod 2820 0x000001f169e5f688 code [0x000001f169e5f820, 0x000001f169e600f8]
Event: 15.197 Thread 0x000001f100a9f070 2821       4       java.util.ArrayList::iterator (9 bytes)
Event: 15.198 Thread 0x000001f100a9f070 nmethod 2821 0x000001f171597488 code [0x000001f171597580, 0x000001f171597678]
Event: 15.351 Thread 0x000001f100a9f070 2822       4       java.util.concurrent.locks.ReentrantLock$Sync::tryRelease (51 bytes)
Event: 15.352 Thread 0x000001f100a9f070 nmethod 2822 0x000001f171597788 code [0x000001f171597880, 0x000001f1715979e0]
Event: 15.371 Thread 0x000001f100a9f070 2823       4       java.util.concurrent.locks.AbstractQueuedSynchronizer::signalNext (34 bytes)
Event: 15.373 Thread 0x000001f100a9f070 nmethod 2823 0x000001f171597a88 code [0x000001f171597ba0, 0x000001f171597d10]
Event: 15.407 Thread 0x000001f100a9f070 2824       4       java.awt.Container::findComponentAtImpl (161 bytes)

GC Heap History (2 events):
Event: 8.351 GC heap before
{Heap before GC invocations=0 (full 0):
 garbage-first heap   total reserved 4104192K, committed 260096K, used 58480K [0x0000000705800000, 0x0000000800000000)
  region size 2048K, 24 young (49152K), 0 survivors (0K)
 Metaspace       used 17992K, committed 18304K, reserved 1114112K
  class space    used 1654K, committed 1792K, reserved 1048576K
}
Event: 8.356 GC heap after
{Heap after GC invocations=1 (full 0):
 garbage-first heap   total reserved 4104192K, committed 260096K, used 16538K [0x0000000705800000, 0x0000000800000000)
  region size 2048K, 3 young (6144K), 3 survivors (6144K)
 Metaspace       used 17992K, committed 18304K, reserved 1114112K
  class space    used 1654K, committed 1792K, reserved 1048576K
}

Dll operation events (12 events):
Event: 0.006 Loaded shared library C:\Program Files\Apache NetBeans\jdk\bin\java.dll
Event: 0.027 Loaded shared library C:\Program Files\Apache NetBeans\jdk\bin\jsvml.dll
Event: 0.045 Loaded shared library C:\Program Files\Apache NetBeans\jdk\bin\net.dll
Event: 0.046 Loaded shared library C:\Program Files\Apache NetBeans\jdk\bin\nio.dll
Event: 0.056 Loaded shared library C:\Program Files\Apache NetBeans\jdk\bin\zip.dll
Event: 0.065 Loaded shared library C:\Program Files\Apache NetBeans\jdk\bin\jimage.dll
Event: 0.071 Loaded shared library C:\Program Files\Apache NetBeans\jdk\bin\awt.dll
Event: 0.192 Loaded shared library C:\Program Files\Apache NetBeans\jdk\bin\javajpeg.dll
Event: 0.237 Loaded shared library C:\Program Files\Apache NetBeans\jdk\bin\freetype.dll
Event: 0.238 Loaded shared library C:\Program Files\Apache NetBeans\jdk\bin\fontmanager.dll
Event: 8.088 Loaded shared library C:\Program Files\Apache NetBeans\jdk\bin\extnet.dll
Event: 8.199 Loaded shared library C:\Program Files\Apache NetBeans\jdk\bin\sunmscapi.dll

Deoptimization events (20 events):
Event: 8.377 Thread 0x000001f1465f1300 DEOPT PACKING pc=0x000001f169affab6 sp=0x00000096697fe740
Event: 8.377 Thread 0x000001f1465f1300 DEOPT UNPACKING pc=0x000001f170f75722 sp=0x00000096697fdbd0 mode 0
Event: 8.377 Thread 0x000001f1465f1300 DEOPT PACKING pc=0x000001f169affab6 sp=0x00000096697fe740
Event: 8.377 Thread 0x000001f1465f1300 DEOPT UNPACKING pc=0x000001f170f75722 sp=0x00000096697fdbd0 mode 0
Event: 8.377 Thread 0x000001f1465f1300 DEOPT PACKING pc=0x000001f169affab6 sp=0x00000096697fe740
Event: 8.377 Thread 0x000001f1465f1300 DEOPT UNPACKING pc=0x000001f170f75722 sp=0x00000096697fdbd0 mode 0
Event: 8.378 Thread 0x000001f1465f1300 DEOPT PACKING pc=0x000001f169affab6 sp=0x00000096697fe740
Event: 8.378 Thread 0x000001f1465f1300 DEOPT UNPACKING pc=0x000001f170f75722 sp=0x00000096697fdbd0 mode 0
Event: 8.378 Thread 0x000001f1465f1300 DEOPT PACKING pc=0x000001f169affab6 sp=0x00000096697fe740
Event: 8.378 Thread 0x000001f1465f1300 DEOPT UNPACKING pc=0x000001f170f75722 sp=0x00000096697fdbd0 mode 0
Event: 8.422 Thread 0x000001f100e66890 Uncommon trap: trap_request=0xffffff4d fr.pc=0x000001f1714e14e0 relative=0x0000000000000060
Event: 8.422 Thread 0x000001f100e66890 Uncommon trap: reason=unstable_if action=reinterpret pc=0x000001f1714e14e0 method=java.lang.ref.ReferenceQueue.poll()Ljava/lang/ref/Reference; @ 4 c2
Event: 8.422 Thread 0x000001f100e66890 DEOPT PACKING pc=0x000001f1714e14e0 sp=0x00000096691fd610
Event: 8.422 Thread 0x000001f100e66890 DEOPT UNPACKING pc=0x000001f171037e02 sp=0x00000096691fd518 mode 2
Event: 8.422 Thread 0x000001f100e66890 Uncommon trap: trap_request=0xffffff4d fr.pc=0x000001f1714e11d8 relative=0x0000000000000058
Event: 8.422 Thread 0x000001f100e66890 Uncommon trap: reason=unstable_if action=reinterpret pc=0x000001f1714e11d8 method=java.lang.ref.ReferenceQueue.poll()Ljava/lang/ref/Reference; @ 4 c2
Event: 8.422 Thread 0x000001f100e66890 DEOPT PACKING pc=0x000001f1714e11d8 sp=0x00000096691fd5a0
Event: 8.422 Thread 0x000001f100e66890 DEOPT UNPACKING pc=0x000001f171037e02 sp=0x00000096691fd518 mode 2
Event: 8.533 Thread 0x000001f100e66890 DEOPT PACKING pc=0x000001f169df1d54 sp=0x00000096691fd5c0
Event: 8.533 Thread 0x000001f100e66890 DEOPT UNPACKING pc=0x000001f170f75722 sp=0x00000096691fca90 mode 0

Classes loaded (20 events):
Event: 8.427 Loading class sun/swing/CachedPainter done
Event: 8.427 Loading class javax/swing/plaf/metal/MetalUtils$GradientPainter done
Event: 8.427 Loading class sun/swing/CachedPainter$PainterMultiResolutionCachedImage
Event: 8.427 Loading class java/awt/image/AbstractMultiResolutionImage
Event: 8.427 Loading class java/awt/image/AbstractMultiResolutionImage done
Event: 8.427 Loading class sun/swing/CachedPainter$PainterMultiResolutionCachedImage done
Event: 8.427 Loading class sun/swing/ImageCache
Event: 8.427 Loading class sun/swing/ImageCache done
Event: 8.427 Loading class sun/swing/ImageCache$Entry
Event: 8.427 Loading class sun/swing/ImageCache$Entry done
Event: 8.427 Loading class java/awt/GradientPaint
Event: 8.427 Loading class java/awt/GradientPaint done
Event: 8.427 Loading class java/awt/GradientPaintContext
Event: 8.427 Loading class java/awt/PaintContext
Event: 8.427 Loading class java/awt/PaintContext done
Event: 8.427 Loading class java/awt/GradientPaintContext done
Event: 8.427 Loading class java/awt/geom/Point2D$Double
Event: 8.428 Loading class java/awt/geom/Point2D$Double done
Event: 8.428 Loading class sun/java2d/pipe/AlphaPaintPipe$TileContext
Event: 8.428 Loading class sun/java2d/pipe/AlphaPaintPipe$TileContext done

Classes unloaded (0 events):
No events

Classes redefined (0 events):
No events

Internal exceptions (20 events):
Event: 0.325 Thread 0x000001f100e66890 Exception <a 'java/lang/NoSuchMethodError'{0x00000007147432a0}: 'java.lang.Object java.lang.invoke.DirectMethodHandle$Holder.invokeStatic(java.lang.Object, java.lang.Object, java.lang.Object, java.lang.Object, java.lang.Object, long)'> (0x00000007147432a0) 
thrown [s\src\hotspot\share\interpreter\linkResolver.cpp, line 805]
Event: 0.329 Thread 0x000001f100e66890 Exception <a 'java/lang/NoSuchMethodError'{0x0000000714786a18}: 'float java.lang.invoke.DelegatingMethodHandle$Holder.reinvoke_L(java.lang.Object, java.lang.Object, java.lang.Object, java.lang.Object, long, long)'> (0x0000000714786a18) 
thrown [s\src\hotspot\share\interpreter\linkResolver.cpp, line 805]
Event: 0.347 Thread 0x000001f100e66890 Exception <a 'java/io/FileNotFoundException'{0x0000000714205b90}> (0x0000000714205b90) 
thrown [s\src\hotspot\share\prims\jni.cpp, line 518]
Event: 0.355 Thread 0x000001f100e66890 Exception <a 'java/io/FileNotFoundException'{0x000000071422b058}> (0x000000071422b058) 
thrown [s\src\hotspot\share\prims\jni.cpp, line 518]
Event: 0.560 Thread 0x000001f100e66890 Exception <a 'java/lang/NoSuchMethodError'{0x0000000713a3cf58}: 'int java.lang.invoke.DelegatingMethodHandle$Holder.reinvoke_L(java.lang.Object, java.lang.Object, java.lang.Object, java.lang.Object, long, long)'> (0x0000000713a3cf58) 
thrown [s\src\hotspot\share\interpreter\linkResolver.cpp, line 805]
Event: 0.561 Thread 0x000001f100e66890 Exception <a 'java/lang/NoSuchMethodError'{0x0000000713a6f458}: 'long java.lang.invoke.DelegatingMethodHandle$Holder.reinvoke_L(java.lang.Object, java.lang.Object, java.lang.Object, java.lang.Object, long, long)'> (0x0000000713a6f458) 
thrown [s\src\hotspot\share\interpreter\linkResolver.cpp, line 805]
Event: 3.738 Thread 0x000001f100e66890 Exception <a 'java/lang/NoSuchMethodError'{0x000000071329eab8}: 'void java.lang.invoke.DirectMethodHandle$Holder.invokeSpecial(java.lang.Object, java.lang.Object, java.lang.Object, java.lang.Object, java.lang.Object)'> (0x000000071329eab8) 
thrown [s\src\hotspot\share\interpreter\linkResolver.cpp, line 805]
Event: 7.998 Thread 0x000001f100e66890 Implicit null exception at 0x000001f1715008f5 to 0x000001f1715009a8
Event: 8.006 Thread 0x000001f100e66890 Exception <a 'java/lang/NoSuchMethodError'{0x0000000713350c58}: 'void java.lang.invoke.DirectMethodHandle$Holder.invokeStatic(java.lang.Object, java.lang.Object)'> (0x0000000713350c58) 
thrown [s\src\hotspot\share\interpreter\linkResolver.cpp, line 805]
Event: 8.020 Thread 0x000001f100e66890 Exception <a 'java/lang/NoSuchMethodError'{0x0000000713004ec0}: 'java.lang.Object java.lang.invoke.DirectMethodHandle$Holder.invokeInterface(java.lang.Object, java.lang.Object)'> (0x0000000713004ec0) 
thrown [s\src\hotspot\share\interpreter\linkResolver.cpp, line 805]
Event: 8.036 Thread 0x000001f100e66890 Exception <a 'java/lang/NoSuchMethodError'{0x0000000712ea9b98}: 'void java.lang.invoke.DirectMethodHandle$Holder.invokeStatic(java.lang.Object, java.lang.Object, java.lang.Object)'> (0x0000000712ea9b98) 
thrown [s\src\hotspot\share\interpreter\linkResolver.cpp, line 805]
Event: 8.037 Thread 0x000001f100e66890 Exception <a 'java/lang/NoSuchMethodError'{0x0000000712ec1568}: 'java.lang.Object java.lang.invoke.DirectMethodHandle$Holder.invokeVirtual(java.lang.Object, java.lang.Object, java.lang.Object)'> (0x0000000712ec1568) 
thrown [s\src\hotspot\share\interpreter\linkResolver.cpp, line 805]
Event: 8.117 Thread 0x000001f100e66890 Exception <a 'java/lang/NoSuchMethodError'{0x0000000712b79250}: 'void java.lang.invoke.DirectMethodHandle$Holder.invokeStaticInit(java.lang.Object, java.lang.Object)'> (0x0000000712b79250) 
thrown [s\src\hotspot\share\interpreter\linkResolver.cpp, line 805]
Event: 8.151 Thread 0x000001f100e66890 Exception <a 'sun/nio/fs/WindowsException'{0x00000007128ca198}> (0x00000007128ca198) 
thrown [s\src\hotspot\share\prims\jni.cpp, line 518]
Event: 8.170 Thread 0x000001f100e66890 Exception <a 'java/lang/NoSuchMethodError'{0x0000000712973940}: 'java.lang.Object java.lang.invoke.DirectMethodHandle$Holder.invokeStaticInit(java.lang.Object, int, int, int, int)'> (0x0000000712973940) 
thrown [s\src\hotspot\share\interpreter\linkResolver.cpp, line 805]
Event: 8.190 Thread 0x000001f100e66890 Exception <a 'java/lang/NoSuchMethodError'{0x0000000712646f18}: 'java.lang.Object java.lang.invoke.DirectMethodHandle$Holder.invokeStaticInit(java.lang.Object, java.lang.Object, int, int, int, int)'> (0x0000000712646f18) 
thrown [s\src\hotspot\share\interpreter\linkResolver.cpp, line 805]
Event: 8.299 Thread 0x000001f100e66890 Exception <a 'java/lang/NoSuchMethodError'{0x0000000712414fa8}: 'java.lang.Object java.lang.invoke.Invokers$Holder.invoke_MT(java.lang.Object, java.lang.Object, java.lang.Object, java.lang.Object, java.lang.Object, java.lang.Object)'> (0x0000000712414fa8) 
thrown [s\src\hotspot\share\interpreter\linkResolver.cpp, line 805]
Event: 8.299 Thread 0x000001f100e66890 Exception <a 'java/lang/NoSuchMethodError'{0x000000071241df28}: 'java.lang.Object java.lang.invoke.DirectMethodHandle$Holder.invokeStatic(java.lang.Object, java.lang.Object, int)'> (0x000000071241df28) 
thrown [s\src\hotspot\share\interpreter\linkResolver.cpp, line 805]
Event: 8.302 Thread 0x000001f100e66890 Exception <a 'java/lang/NoSuchMethodError'{0x000000071243f838}: 'void java.lang.invoke.DelegatingMethodHandle$Holder.delegate(java.lang.Object, java.lang.Object, int, java.lang.Object)'> (0x000000071243f838) 
thrown [s\src\hotspot\share\interpreter\linkResolver.cpp, line 805]
Event: 8.302 Thread 0x000001f100e66890 Exception <a 'java/lang/NoSuchMethodError'{0x0000000712448388}: 'int java.lang.invoke.DirectMethodHandle$Holder.invokeSpecial(java.lang.Object, java.lang.Object, java.lang.Object)'> (0x0000000712448388) 
thrown [s\src\hotspot\share\interpreter\linkResolver.cpp, line 805]

VM Operations (20 events):
Event: 3.746 Executing VM operation: HandshakeAllThreads (Deoptimize)
Event: 3.746 Executing VM operation: HandshakeAllThreads (Deoptimize) done
Event: 8.009 Executing VM operation: HandshakeAllThreads (Deoptimize)
Event: 8.009 Executing VM operation: HandshakeAllThreads (Deoptimize) done
Event: 8.010 Executing VM operation: HandshakeAllThreads (Deoptimize)
Event: 8.010 Executing VM operation: HandshakeAllThreads (Deoptimize) done
Event: 8.082 Executing VM operation: HandshakeAllThreads (Deoptimize)
Event: 8.082 Executing VM operation: HandshakeAllThreads (Deoptimize) done
Event: 8.084 Executing VM operation: HandshakeAllThreads (Deoptimize)
Event: 8.084 Executing VM operation: HandshakeAllThreads (Deoptimize) done
Event: 8.107 Executing VM operation: HandshakeAllThreads (Deoptimize)
Event: 8.107 Executing VM operation: HandshakeAllThreads (Deoptimize) done
Event: 8.301 Executing VM operation: HandshakeAllThreads (Deoptimize)
Event: 8.301 Executing VM operation: HandshakeAllThreads (Deoptimize) done
Event: 8.304 Executing VM operation: HandshakeAllThreads (Deoptimize)
Event: 8.304 Executing VM operation: HandshakeAllThreads (Deoptimize) done
Event: 8.305 Executing VM operation: HandshakeAllThreads (Deoptimize)
Event: 8.305 Executing VM operation: HandshakeAllThreads (Deoptimize) done
Event: 8.351 Executing VM operation: G1CollectForAllocation (G1 Evacuation Pause)
Event: 8.356 Executing VM operation: G1CollectForAllocation (G1 Evacuation Pause) done

Memory protections (0 events):
No events

Nmethod flushes (0 events):
No events

Events (20 events):
Event: 0.166 Thread 0x000001f15eb0b4e0 Thread added: 0x000001f14649aab0
Event: 0.221 Thread 0x000001f146351c20 Thread added: 0x000001f100e66890
Event: 0.310 Thread 0x000001f15eb0b4e0 Thread exited: 0x000001f15eb0b4e0
Event: 0.310 Thread 0x000001f15eb0b4e0 Thread added: 0x000001f15eb0b4e0
Event: 0.580 Thread 0x000001f100e66890 Thread added: 0x000001f1465ef5c0
Event: 0.944 Thread 0x000001f100aa29a0 Thread exited: 0x000001f100aa29a0
Event: 3.706 Thread 0x000001f100a9fc40 Thread added: 0x000001f100aa29a0
Event: 3.710 Thread 0x000001f100a9f070 Thread added: 0x000001f100aa03d0
Event: 4.267 Thread 0x000001f100aa03d0 Thread exited: 0x000001f100aa03d0
Event: 4.314 Thread 0x000001f100aa29a0 Thread exited: 0x000001f100aa29a0
Event: 5.200 Thread 0x000001f14649aab0 Thread exited: 0x000001f14649aab0
Event: 8.007 Thread 0x000001f100e66890 Thread added: 0x000001f1465f1a50
Event: 8.024 Thread 0x000001f100a9f070 Thread added: 0x000001f100aa2210
Event: 8.031 Thread 0x000001f100a9fc40 Thread added: 0x000001f100aa12f0
Event: 8.348 Thread 0x000001f100e66890 Thread added: 0x000001f1465f1300
Event: 8.365 Thread 0x000001f100e66890 Thread added: 0x000001f1465eee70
Event: 8.631 Thread 0x000001f100aa12f0 Thread exited: 0x000001f100aa12f0
Event: 8.638 Thread 0x000001f100aa2210 Thread exited: 0x000001f100aa2210
Event: 13.365 Thread 0x000001f1465eee70 Thread exited: 0x000001f1465eee70
Event: 13.380 Thread 0x000001f1465f1300 Thread exited: 0x000001f1465f1300


Dynamic libraries:
0x00007ff70a760000 - 0x00007ff70a76e000 	C:\Program Files\Apache NetBeans\jdk\bin\java.exe
0x00007ff8e5d60000 - 0x00007ff8e5fc8000 	C:\WINDOWS\SYSTEM32\ntdll.dll
0x00007ff8e5090000 - 0x00007ff8e5159000 	C:\WINDOWS\System32\KERNEL32.DLL
0x00007ff8e35e0000 - 0x00007ff8e39d2000 	C:\WINDOWS\System32\KERNELBASE.dll
0x00007ff8e2ef0000 - 0x00007ff8e303b000 	C:\WINDOWS\System32\ucrtbase.dll
0x00007ff8aae80000 - 0x00007ff8aae96000 	C:\Program Files\Apache NetBeans\jdk\bin\jli.dll
0x00007ff8aaf20000 - 0x00007ff8aaf3e000 	C:\Program Files\Apache NetBeans\jdk\bin\VCRUNTIME140.dll
0x00007ff8e5b50000 - 0x00007ff8e5d15000 	C:\WINDOWS\System32\USER32.dll
0x00007ff8e3040000 - 0x00007ff8e3067000 	C:\WINDOWS\System32\win32u.dll
0x00007ff8c1200000 - 0x00007ff8c1493000 	C:\WINDOWS\WinSxS\amd64_microsoft.windows.common-controls_6595b64144ccf1df_6.0.26100.6725_none_3e085828e334708b\COMCTL32.dll
0x00007ff8e4f00000 - 0x00007ff8e4f2b000 	C:\WINDOWS\System32\GDI32.dll
0x00007ff8e5850000 - 0x00007ff8e58f9000 	C:\WINDOWS\System32\msvcrt.dll
0x00007ff8e3340000 - 0x00007ff8e346d000 	C:\WINDOWS\System32\gdi32full.dll
0x00007ff8e3290000 - 0x00007ff8e3333000 	C:\WINDOWS\System32\msvcp_win.dll
0x00007ff8e4c10000 - 0x00007ff8e4c3f000 	C:\WINDOWS\System32\IMM32.DLL
0x00007ff8aba90000 - 0x00007ff8aba9c000 	C:\Program Files\Apache NetBeans\jdk\bin\vcruntime140_1.dll
0x00007ff8aaa10000 - 0x00007ff8aaa9d000 	C:\Program Files\Apache NetBeans\jdk\bin\msvcp140.dll
0x00007fffea4e0000 - 0x00007fffeb35c000 	C:\Program Files\Apache NetBeans\jdk\bin\server\jvm.dll
0x00007ff8e4c50000 - 0x00007ff8e4d04000 	C:\WINDOWS\System32\ADVAPI32.dll
0x00007ff8e5900000 - 0x00007ff8e59a6000 	C:\WINDOWS\System32\sechost.dll
0x00007ff8e3b30000 - 0x00007ff8e3c48000 	C:\WINDOWS\System32\RPCRT4.dll
0x00007ff8e4d10000 - 0x00007ff8e4d84000 	C:\WINDOWS\System32\WS2_32.dll
0x00007ff8ccd30000 - 0x00007ff8ccd65000 	C:\WINDOWS\SYSTEM32\WINMM.dll
0x00007ff8e26e0000 - 0x00007ff8e273e000 	C:\WINDOWS\SYSTEM32\POWRPROF.dll
0x00007ff8d6fb0000 - 0x00007ff8d6fbb000 	C:\WINDOWS\SYSTEM32\VERSION.dll
0x00007ff8e26c0000 - 0x00007ff8e26d4000 	C:\WINDOWS\SYSTEM32\UMPDC.dll
0x00007ff8e1cc0000 - 0x00007ff8e1cdb000 	C:\WINDOWS\SYSTEM32\kernel.appcore.dll
0x00007ff8aaeb0000 - 0x00007ff8aaeba000 	C:\Program Files\Apache NetBeans\jdk\bin\jimage.dll
0x00007ff8e0670000 - 0x00007ff8e08b2000 	C:\WINDOWS\SYSTEM32\DBGHELP.DLL
0x00007ff8e5160000 - 0x00007ff8e54db000 	C:\WINDOWS\System32\combase.dll
0x00007ff8e56f0000 - 0x00007ff8e57c7000 	C:\WINDOWS\System32\OLEAUT32.dll
0x00007ff8c4540000 - 0x00007ff8c457c000 	C:\WINDOWS\SYSTEM32\dbgcore.DLL
0x00007ff8e31f0000 - 0x00007ff8e3288000 	C:\WINDOWS\System32\bcryptPrimitives.dll
0x00007ff8aaec0000 - 0x00007ff8aaede000 	C:\Program Files\Apache NetBeans\jdk\bin\java.dll
0x00007ff8e59b0000 - 0x00007ff8e5b48000 	C:\WINDOWS\System32\ole32.dll
0x00007ff8e3cd0000 - 0x00007ff8e441c000 	C:\WINDOWS\System32\SHELL32.dll
0x00007ff8e3470000 - 0x00007ff8e35db000 	C:\WINDOWS\System32\wintypes.dll
0x00007ff8e0b20000 - 0x00007ff8e137d000 	C:\WINDOWS\SYSTEM32\windows.storage.dll
0x00007ff8e4630000 - 0x00007ff8e4722000 	C:\WINDOWS\System32\SHCORE.dll
0x00007ff8e4f30000 - 0x00007ff8e4f92000 	C:\WINDOWS\System32\shlwapi.dll
0x00007ff8e2e10000 - 0x00007ff8e2e39000 	C:\WINDOWS\SYSTEM32\profapi.dll
0x00007ff8aada0000 - 0x00007ff8aae77000 	C:\Program Files\Apache NetBeans\jdk\bin\jsvml.dll
0x00007ff8aad70000 - 0x00007ff8aad80000 	C:\Program Files\Apache NetBeans\jdk\bin\net.dll
0x00007ff8e2230000 - 0x00007ff8e229b000 	C:\WINDOWS\system32\mswsock.dll
0x00007ff8aad50000 - 0x00007ff8aad66000 	C:\Program Files\Apache NetBeans\jdk\bin\nio.dll
0x00007ff8aad80000 - 0x00007ff8aad97000 	C:\Program Files\Apache NetBeans\jdk\bin\zip.dll
0x00007ff8aabb0000 - 0x00007ff8aad2e000 	C:\Program Files\Apache NetBeans\jdk\bin\awt.dll
0x00007ff8dd250000 - 0x00007ff8dd2ef000 	C:\WINDOWS\SYSTEM32\apphelp.dll
0x00007ff8dd8a0000 - 0x00007ff8dd8cb000 	C:\WINDOWS\system32\DWMAPI.DLL
0x00007ff8dd5e0000 - 0x00007ff8dd68a000 	C:\WINDOWS\system32\uxtheme.dll
0x00007ff86e510000 - 0x00007ff86e61c000 	C:\WINDOWS\system32\opengl32.dll
0x00007ff8aab80000 - 0x00007ff8aabad000 	C:\WINDOWS\SYSTEM32\GLU32.dll
0x00007ff8dd6f0000 - 0x00007ff8dd734000 	C:\WINDOWS\SYSTEM32\dxcore.dll
0x00007ff8e44c0000 - 0x00007ff8e461b000 	C:\WINDOWS\System32\MSCTF.dll
0x00007ff8ab210000 - 0x00007ff8ab23e000 	C:\Program Files\Apache NetBeans\jdk\bin\javajpeg.dll
0x00007ff86e480000 - 0x00007ff86e507000 	C:\Program Files\Apache NetBeans\jdk\bin\freetype.dll
0x00007ff86e390000 - 0x00007ff86e479000 	C:\Program Files\Apache NetBeans\jdk\bin\fontmanager.dll
0x00007ff8e4fd0000 - 0x00007ff8e5081000 	C:\WINDOWS\System32\clbcatq.dll
0x00007ff8db390000 - 0x00007ff8db5c0000 	C:\WINDOWS\SYSTEM32\WindowsCodecs.dll
0x00007ff89a000000 - 0x00007ff89a05a000 	C:\WINDOWS\system32\dataexchange.dll
0x00007ff8c3c20000 - 0x00007ff8c3e65000 	C:\WINDOWS\system32\twinapi.appcore.dll
0x00007ff8b30e0000 - 0x00007ff8b322a000 	C:\WINDOWS\SYSTEM32\textinputframework.dll
0x00007ff8dc940000 - 0x00007ff8dca65000 	C:\WINDOWS\SYSTEM32\CoreMessaging.dll
0x00007ff8cb880000 - 0x00007ff8cbb63000 	C:\WINDOWS\SYSTEM32\CoreUIComponents.dll
0x00007ff8e24e0000 - 0x00007ff8e24ec000 	C:\WINDOWS\SYSTEM32\CRYPTBASE.DLL
0x00007ff8af920000 - 0x00007ff8af931000 	C:\WINDOWS\SYSTEM32\wtdccm.dll
0x00007ff8e1750000 - 0x00007ff8e1876000 	C:\WINDOWS\SYSTEM32\DNSAPI.dll
0x00007ff8e16c0000 - 0x00007ff8e16f4000 	C:\WINDOWS\SYSTEM32\IPHLPAPI.DLL
0x00007ff8e4620000 - 0x00007ff8e462a000 	C:\WINDOWS\System32\NSI.dll
0x00007ff8d86d0000 - 0x00007ff8d86db000 	C:\Windows\System32\rasadhlp.dll
0x00007ff8d9f50000 - 0x00007ff8d9fd6000 	C:\WINDOWS\System32\fwpuclnt.dll
0x00007ff8aad30000 - 0x00007ff8aad39000 	C:\Program Files\Apache NetBeans\jdk\bin\extnet.dll
0x00007ff8e24f0000 - 0x00007ff8e250b000 	C:\WINDOWS\SYSTEM32\CRYPTSP.dll
0x00007ff8e1c20000 - 0x00007ff8e1c5b000 	C:\WINDOWS\system32\rsaenh.dll
0x00007ff8e22d0000 - 0x00007ff8e22fb000 	C:\WINDOWS\SYSTEM32\USERENV.dll
0x00007ff8e2de0000 - 0x00007ff8e2e06000 	C:\WINDOWS\SYSTEM32\bcrypt.dll
0x00007ff8a0db0000 - 0x00007ff8a0dbe000 	C:\Program Files\Apache NetBeans\jdk\bin\sunmscapi.dll
0x00007ff8e3070000 - 0x00007ff8e31e7000 	C:\WINDOWS\System32\CRYPT32.dll
0x00007ff8e2820000 - 0x00007ff8e2850000 	C:\WINDOWS\SYSTEM32\ncrypt.dll
0x00007ff8e27d0000 - 0x00007ff8e280f000 	C:\WINDOWS\SYSTEM32\NTASN1.dll

JVMTI agents: none

dbghelp: loaded successfully - version: 4.0.5 - missing functions: none
symbol engine: initialized successfully - sym options: 0x614 - pdb path: .;C:\Program Files\Apache NetBeans\jdk\bin;C:\WINDOWS\SYSTEM32;C:\WINDOWS\WinSxS\amd64_microsoft.windows.common-controls_6595b64144ccf1df_6.0.26100.6725_none_3e085828e334708b;C:\Program Files\Apache NetBeans\jdk\bin\server

VM Arguments:
jvm_args: -Dfile.encoding=UTF-8 --module-path=C:\Users\vinay\OneDrive\Documents\NetBeansProjects\ATM-Simulator-System\build\classes 
java_command: atm.simulator.system.Login
java_class_path (initial): C:\Users\vinay\Downloads\jcalendar-tz-1.3.3-4.jar;C:\Users\vinay\Downloads\mysql-connector-java-8.0.28.jar;C:\Users\vinay\OneDrive\Documents\NetBeansProjects\ATM-Simulator-System\build\classes
Launcher Type: SUN_STANDARD

[Global flags]
     intx CICompilerCount                          = 4                                         {product} {ergonomic}
     uint ConcGCThreads                            = 3                                         {product} {ergonomic}
     uint G1ConcRefinementThreads                  = 10                                        {product} {ergonomic}
   size_t G1HeapRegionSize                         = 2097152                                   {product} {ergonomic}
   size_t InitialHeapSize                          = 264241152                                 {product} {ergonomic}
   size_t MarkStackSize                            = 4194304                                   {product} {ergonomic}
   size_t MarkStackSizeMax                         = 536870912                                 {product} {ergonomic}
   size_t MaxHeapSize                              = 4202692608                                {product} {ergonomic}
   size_t MaxNewSize                               = 2520776704                                {product} {ergonomic}
   size_t MinHeapDeltaBytes                        = 2097152                                   {product} {ergonomic}
   size_t MinHeapSize                              = 8388608                                   {product} {ergonomic}
    uintx NonNMethodCodeHeapSize                   = 5832704                                {pd product} {ergonomic}
    uintx NonProfiledCodeHeapSize                  = 122945536                              {pd product} {ergonomic}
    uintx ProfiledCodeHeapSize                     = 122880000                              {pd product} {ergonomic}
    uintx ReservedCodeCacheSize                    = 251658240                              {pd product} {ergonomic}
     bool SegmentedCodeCache                       = true                                      {product} {ergonomic}
   size_t SoftMaxHeapSize                          = 4202692608                             {manageable} {ergonomic}
     bool UseCompressedOops                        = true                           {product lp64_product} {ergonomic}
     bool UseG1GC                                  = true                                      {product} {ergonomic}
     bool UseLargePagesIndividualAllocation        = false                                  {pd product} {ergonomic}

Logging:
Log output configuration:
 #0: stdout all=warning uptime,level,tags foldmultilines=false
 #1: stderr all=off uptime,level,tags foldmultilines=false

Environment Variables:
PATH=C:\Program Files\Common Files\Oracle\Java\javapath;C:\Program Files\Python313\Scripts\;C:\Program Files\Python313\;C:\windows\system32;C:\windows;C:\windows\System32\Wbem;C:\windows\System32\WindowsPowerShell\v1.0\;C:\windows\System32\OpenSSH\;C:\Program Files (x86)\NVIDIA Corporation\PhysX\Common;C:\Program Files\NVIDIA Corporation\NVIDIA NvDLISR;C:\Users\Administrator\AppData\Local\Microsoft\WindowsApps;C:\Program Files\HP\OMEN-Broadcast\Common;C:\WINDOWS\system32;C:\WINDOWS;C:\WINDOWS\System32\Wbem;C:\WINDOWS\System32\WindowsPowerShell\v1.0\;C:\WINDOWS\System32\OpenSSH\;C:\Program Files\HP\HP One Agent;C:\Users\vinay\Downloads\jdk-24_windows-x64_bin\jdk-24.0.2\bin;C:\Program Files\Java\jdk-24\bin;C:\Program Files\Git\cmd;C:\Program Files\MySQL\MySQL Shell 8.0\bin\;C:\Users\vinay\AppData\Local\Microsoft\WindowsApps;C:\Users\vinay\AppData\Local\Programs\Microsoft VS Code\bin;C:\Users\vinay\Downloads\jdk-21.0.7_windows-x64_bin\jdk-21.0.7\bin;C:\Users\vinay\Downloads\apache-maven-3.9.11-bin\apache-maven-3.9.11\bin;C:\Program Files (x86)\jdk-21.0.7_windows-x64_bin\jdk-21.0.7\bin;C:\Program Files\Java\jdk-21\bin;C:\Users\vinay\AppData\Local\GitHubDesktop\bin
USERNAME=vinay
OS=Windows_NT
PROCESSOR_IDENTIFIER=Intel64 Family 6 Model 186 Stepping 2, GenuineIntel
TMP=C:\Users\vinay\AppData\Local\Temp
TEMP=C:\Users\vinay\AppData\Local\Temp




Periodic native trim disabled

---------------  S Y S T E M  ---------------

OS:
 Windows 11 , 64 bit Build 26100 (10.0.26100.6725)
OS uptime: 0 days 19:35 hours
Hyper-V role detected

CPU: total 12 (initial active 12) (6 cores per cpu, 2 threads per core) family 6 model 186 stepping 2 microcode 0x4122, cx8, cmov, fxsr, ht, mmx, 3dnowpref, sse, sse2, sse3, ssse3, sse4.1, sse4.2, popcnt, lzcnt, tsc, tscinvbit, avx, avx2, aes, erms, clmul, bmi1, bmi2, adx, sha, fma, vzeroupper, clflush, clflushopt, clwb, hv, serialize, rdtscp, rdpid, fsrm, gfni, f16c, cet_ibt, cet_ss
Processor Information for processor 0
  Max Mhz: 2100, Current Mhz: 2100, Mhz Limit: 2100
Processor Information for processor 1
  Max Mhz: 2100, Current Mhz: 2100, Mhz Limit: 2100
Processor Information for processor 2
  Max Mhz: 2100, Current Mhz: 2100, Mhz Limit: 2100
Processor Information for processor 3
  Max Mhz: 2100, Current Mhz: 2100, Mhz Limit: 2100
Processor Information for processor 4
  Max Mhz: 2100, Current Mhz: 2100, Mhz Limit: 2100
Processor Information for processor 5
  Max Mhz: 2100, Current Mhz: 2100, Mhz Limit: 2100
Processor Information for processor 6
  Max Mhz: 2100, Current Mhz: 2100, Mhz Limit: 2100
Processor Information for processor 7
  Max Mhz: 2100, Current Mhz: 2100, Mhz Limit: 2100
Processor Information for processor 8
  Max Mhz: 2100, Current Mhz: 2100, Mhz Limit: 2100
Processor Information for processor 9
  Max Mhz: 2100, Current Mhz: 1540, Mhz Limit: 2100
Processor Information for processor 10
  Max Mhz: 2100, Current Mhz: 2100, Mhz Limit: 2100
Processor Information for processor 11
  Max Mhz: 2100, Current Mhz: 2100, Mhz Limit: 2100

Memory: 4k page, system-wide physical 16024M (5266M free)
TotalPageFile size 65176M (AvailPageFile size 4M)
current process WorkingSet (physical memory assigned to process): 159M, peak: 164M
current process commit charge ("private bytes"): 384M, peak: 396M

vm_info: OpenJDK 64-Bit Server VM (24.0.2+12) for windows-amd64 JRE (24.0.2+12) (Zulu24.32+13-CA), built on 2025-07-11T12:45:44Z with MS VC++ 17.1 (VS2022)

END.
