#
# There is insufficient memory for the Java Runtime Environment to continue.
# Native memory allocation (mmap) failed to map 264241152 bytes. Error detail: G1 virtual space
# Possible reasons:
#   The system is out of physical RAM or swap space
#   This process is running with CompressedOops enabled, and the Java Heap may be blocking the growth of the native heap
# Possible solutions:
#   Reduce memory load on the system
#   Increase physical memory or swap space
#   Check if swap backing store is full
#   Decrease Java heap size (-Xmx/-Xms)
#   Decrease number of Java threads
#   Decrease Java thread stack sizes (-Xss)
#   Set larger code cache with -XX:ReservedCodeCacheSize=
#   JVM is running with Zero Based Compressed Oops mode in which the Java heap is
#     placed in the first 32GB address space. The Java Heap base address is the
#     maximum limit for the native heap growth. Please use -XX:HeapBaseMinAddress
#     to set the Java Heap base and to place the Java Heap above 32GB virtual address.
# This output file may be truncated or incomplete.
#
#  Out of Memory Error (os_windows.cpp:3564), pid=38084, tid=30216
#
# JRE version:  (24.0.2+12) (build )
# Java VM: OpenJDK 64-Bit Server VM (24.0.2+12, mixed mode, sharing, tiered, compressed oops, compressed class ptrs, g1 gc, windows-amd64)
# No core dump will be written. Minidumps are not enabled by default on client versions of Windows
#

---------------  S U M M A R Y ------------

Command Line: -Dfile.encoding=UTF-8 --module-path=C:\Users\vinay\OneDrive\Documents\NetBeansProjects\ATM-Simulator-System\build\classes atm.simulator.system.Deposit

Host: 13th Gen Intel(R) Core(TM) i5-13420H, 12 cores, 15G,  Windows 11 , 64 bit Build 26100 (10.0.26100.6725)
Time: Thu Oct  2 06:21:46 2025 India Standard Time elapsed time: 2.039933 seconds (0d 0h 0m 2s)

---------------  T H R E A D  ---------------

Current thread (0x000001d7ef26b7d0):  JavaThread "Unknown thread" [_thread_in_vm, id=30216, stack(0x000000ab12d00000,0x000000ab12e00000) (1024K)]

Stack: [0x000000ab12d00000,0x000000ab12e00000]
Native frames: (J=compiled Java code, j=interpreted, Vv=VM code, C=native code)
V  [jvm.dll+0x741329]  (no source info available)
V  [jvm.dll+0x97e243]  (no source info available)
V  [jvm.dll+0x98056d]  (no source info available)
V  [jvm.dll+0x980be3]  (no source info available)
V  [jvm.dll+0x2b5a76]  (no source info available)
V  [jvm.dll+0x73d795]  (no source info available)
V  [jvm.dll+0x730f4a]  (no source info available)
V  [jvm.dll+0x39ea2a]  (no source info available)
V  [jvm.dll+0x3a67a6]  (no source info available)
V  [jvm.dll+0x392fbe]  (no source info available)
V  [jvm.dll+0x393278]  (no source info available)
V  [jvm.dll+0x36a09c]  (no source info available)
V  [jvm.dll+0x36ad5d]  (no source info available)
V  [jvm.dll+0x9409ef]  (no source info available)
V  [jvm.dll+0x40786d]  (no source info available)
V  [jvm.dll+0x928e6e]  (no source info available)
V  [jvm.dll+0x4a2d0e]  (no source info available)
V  [jvm.dll+0x4a4c41]  (no source info available)
C  [jli.dll+0x52a1]  (no source info available)
C  [ucrtbase.dll+0x37b0]  (no source info available)
C  [KERNEL32.DLL+0x2e8d7]  (no source info available)
C  [ntdll.dll+0x8c53c]  (no source info available)

Lock stack of current Java thread (top to bottom):


---------------  P R O C E S S  ---------------

Threads class SMR info:
_java_thread_list=0x00007fffeb1ebf58, length=0, elements={
}

Java Threads: ( => current thread )
Total: 0

Other Threads:
  0x000001d7ef2cff20 WorkerThread "GC Thread#0"                     [id=33600, stack(0x000000ab12e00000,0x000000ab12f00000) (1024K)]
  0x000001d7ef2e58a0 ConcurrentGCThread "G1 Main Marker"            [id=38164, stack(0x000000ab12f00000,0x000000ab13000000) (1024K)]
  0x000001d7ef2e63b0 WorkerThread "G1 Conc#0"                       [id=40680, stack(0x000000ab13000000,0x000000ab13100000) (1024K)]

[error occurred during error reporting (printing all threads), id 0xc0000005, EXCEPTION_ACCESS_VIOLATION (0xc0000005) at pc=0x00007fffea85ef9a]
VM state: not at safepoint (not fully initialized)

VM Mutex/Monitor currently owned by a thread:  ([mutex/lock_event])
[0x00007fffeb275148] Heap_lock - owner thread: 0x000001d7ef26b7d0

Heap address: 0x0000000705800000, size: 4008 MB, Compressed Oops mode: Zero based, Oop shift amount: 3

CDS archive(s) mapped at: [0x0000000000000000-0x0000000000000000-0x0000000000000000), size 0, SharedBaseAddress: 0x0000000800000000, ArchiveRelocationMode: 1.
UseCompressedClassPointers 1, UseCompactObjectHeaders 0
Narrow klass pointer bits 32, Max shift 3
Narrow klass base: 0xffffffffffffffff, Narrow klass shift: -1
Encoding Range: [0xffffffffffffffff - 0x000000007fffffff), (2147483648 bytes)
Klass Range:    [0x0000000000000000 - 0x0000000000000000), (0 bytes)
Klass ID Range:  [4294967295 - 0) (1)

GC Precious Log:
 CardTable entry size: 512
 Card Set container configuration: InlinePtr #cards 4 size 8 Array Of Cards #cards 16 size 48 Howl #buckets 8 coarsen threshold 3686 Howl Bitmap #cards 512 size 80 coarsen threshold 460 Card regions per heap region 1 cards per card region 4096

Heap:
 garbage-first heap   total reserved 4104192K, committed 0K, used 0K [0x0000000705800000, 0x0000000800000000)
  region size 2048K, 0 young (0K), 0 survivors (0K)

[error occurred during error reporting (printing heap information), id 0xc0000005, EXCEPTION_ACCESS_VIOLATION (0xc0000005) at pc=0x00007fffeac7fcd9]
GC Heap History (0 events):
No events

Dll operation events (1 events):
Event: 0.014 Loaded shared library C:\Program Files\Apache NetBeans\jdk\bin\java.dll

Deoptimization events (0 events):
No events

Classes loaded (0 events):
No events

Classes unloaded (0 events):
No events

Classes redefined (0 events):
No events

Internal exceptions (0 events):
No events

VM Operations (0 events):
No events

Memory protections (0 events):
No events

Nmethod flushes (0 events):
No events

Events (0 events):
No events


Dynamic libraries:
0x00007ff70a760000 - 0x00007ff70a76e000 	C:\Program Files\Apache NetBeans\jdk\bin\java.exe
0x00007ff8e5d60000 - 0x00007ff8e5fc8000 	C:\WINDOWS\SYSTEM32\ntdll.dll
0x00007ff8e5090000 - 0x00007ff8e5159000 	C:\WINDOWS\System32\KERNEL32.DLL
0x00007ff8e35e0000 - 0x00007ff8e39d2000 	C:\WINDOWS\System32\KERNELBASE.dll
0x00007ff8dd250000 - 0x00007ff8dd2ef000 	C:\WINDOWS\SYSTEM32\apphelp.dll
0x00007ff8e2ef0000 - 0x00007ff8e303b000 	C:\WINDOWS\System32\ucrtbase.dll
0x00007ff8aaf20000 - 0x00007ff8aaf3e000 	C:\Program Files\Apache NetBeans\jdk\bin\VCRUNTIME140.dll
0x00007ff8aae80000 - 0x00007ff8aae96000 	C:\Program Files\Apache NetBeans\jdk\bin\jli.dll
0x00007ff8e5b50000 - 0x00007ff8e5d15000 	C:\WINDOWS\System32\USER32.dll
0x00007ff8e3040000 - 0x00007ff8e3067000 	C:\WINDOWS\System32\win32u.dll
0x00007ff8e4f00000 - 0x00007ff8e4f2b000 	C:\WINDOWS\System32\GDI32.dll
0x00007ff8e3340000 - 0x00007ff8e346d000 	C:\WINDOWS\System32\gdi32full.dll
0x00007ff8e3290000 - 0x00007ff8e3333000 	C:\WINDOWS\System32\msvcp_win.dll
0x00007ff8c1200000 - 0x00007ff8c1493000 	C:\WINDOWS\WinSxS\amd64_microsoft.windows.common-controls_6595b64144ccf1df_6.0.26100.6725_none_3e085828e334708b\COMCTL32.dll
0x00007ff8e5850000 - 0x00007ff8e58f9000 	C:\WINDOWS\System32\msvcrt.dll
0x00007ff8e4c10000 - 0x00007ff8e4c3f000 	C:\WINDOWS\System32\IMM32.DLL
0x00007ff8aba90000 - 0x00007ff8aba9c000 	C:\Program Files\Apache NetBeans\jdk\bin\vcruntime140_1.dll
0x00007ff8aaa10000 - 0x00007ff8aaa9d000 	C:\Program Files\Apache NetBeans\jdk\bin\msvcp140.dll
0x00007fffea4e0000 - 0x00007fffeb35c000 	C:\Program Files\Apache NetBeans\jdk\bin\server\jvm.dll
0x00007ff8e4c50000 - 0x00007ff8e4d04000 	C:\WINDOWS\System32\ADVAPI32.dll
0x00007ff8e5900000 - 0x00007ff8e59a6000 	C:\WINDOWS\System32\sechost.dll
0x00007ff8e3b30000 - 0x00007ff8e3c48000 	C:\WINDOWS\System32\RPCRT4.dll
0x00007ff8e4d10000 - 0x00007ff8e4d84000 	C:\WINDOWS\System32\WS2_32.dll
0x00007ff8d6fb0000 - 0x00007ff8d6fbb000 	C:\WINDOWS\SYSTEM32\VERSION.dll
0x00007ff8ccd30000 - 0x00007ff8ccd65000 	C:\WINDOWS\SYSTEM32\WINMM.dll
0x00007ff8e26e0000 - 0x00007ff8e273e000 	C:\WINDOWS\SYSTEM32\POWRPROF.dll
0x00007ff8e26c0000 - 0x00007ff8e26d4000 	C:\WINDOWS\SYSTEM32\UMPDC.dll
0x00007ff8e1cc0000 - 0x00007ff8e1cdb000 	C:\WINDOWS\SYSTEM32\kernel.appcore.dll
0x00007ff8aaeb0000 - 0x00007ff8aaeba000 	C:\Program Files\Apache NetBeans\jdk\bin\jimage.dll
0x00007ff8e0670000 - 0x00007ff8e08b2000 	C:\WINDOWS\SYSTEM32\DBGHELP.DLL
0x00007ff8e5160000 - 0x00007ff8e54db000 	C:\WINDOWS\System32\combase.dll
0x00007ff8e56f0000 - 0x00007ff8e57c7000 	C:\WINDOWS\System32\OLEAUT32.dll
0x00007ff8c4540000 - 0x00007ff8c457c000 	C:\WINDOWS\SYSTEM32\dbgcore.DLL
0x00007ff8e31f0000 - 0x00007ff8e3288000 	C:\WINDOWS\System32\bcryptPrimitives.dll
0x00007ff8aaec0000 - 0x00007ff8aaede000 	C:\Program Files\Apache NetBeans\jdk\bin\java.dll
0x00007ff8e59b0000 - 0x00007ff8e5b48000 	C:\WINDOWS\System32\ole32.dll
0x00007ff8e3cd0000 - 0x00007ff8e441c000 	C:\WINDOWS\System32\SHELL32.dll
0x00007ff8e3470000 - 0x00007ff8e35db000 	C:\WINDOWS\System32\wintypes.dll

JVMTI agents: none

dbghelp: loaded successfully - version: 4.0.5 - missing functions: none
symbol engine: initialized successfully - sym options: 0x614 - pdb path: .;C:\Program Files\Apache NetBeans\jdk\bin;C:\WINDOWS\SYSTEM32;C:\WINDOWS\WinSxS\amd64_microsoft.windows.common-controls_6595b64144ccf1df_6.0.26100.6725_none_3e085828e334708b;C:\Program Files\Apache NetBeans\jdk\bin\server

VM Arguments:
jvm_args: -Dfile.encoding=UTF-8 --module-path=C:\Users\vinay\OneDrive\Documents\NetBeansProjects\ATM-Simulator-System\build\classes 
java_command: atm.simulator.system.Deposit
java_class_path (initial): C:\Users\vinay\Downloads\jcalendar-tz-1.3.3-4.jar;C:\Users\vinay\Downloads\mysql-connector-java-8.0.28.jar;C:\Users\vinay\OneDrive\Documents\NetBeansProjects\ATM-Simulator-System\build\classes
Launcher Type: SUN_STANDARD

[Global flags]
     intx CICompilerCount                          = 4                                         {product} {ergonomic}
     uint ConcGCThreads                            = 3                                         {product} {ergonomic}
     uint G1ConcRefinementThreads                  = 10                                        {product} {ergonomic}
   size_t G1HeapRegionSize                         = 2097152                                   {product} {ergonomic}
   size_t InitialHeapSize                          = 264241152                                 {product} {ergonomic}
   size_t MarkStackSize                            = 4194304                                   {product} {ergonomic}
   size_t MarkStackSizeMax                         = 536870912                                 {product} {ergonomic}
   size_t MaxHeapSize                              = 4202692608                                {product} {ergonomic}
   size_t MinHeapDeltaBytes                        = 2097152                                   {product} {ergonomic}
   size_t MinHeapSize                              = 8388608                                   {product} {ergonomic}
    uintx NonNMethodCodeHeapSize                   = 5832704                                {pd product} {ergonomic}
    uintx NonProfiledCodeHeapSize                  = 122945536                              {pd product} {ergonomic}
    uintx ProfiledCodeHeapSize                     = 122880000                              {pd product} {ergonomic}
    uintx ReservedCodeCacheSize                    = 251658240                              {pd product} {ergonomic}
     bool SegmentedCodeCache                       = true                                      {product} {ergonomic}
   size_t SoftMaxHeapSize                          = 4202692608                             {manageable} {ergonomic}
     bool UseCompressedOops                        = true                           {product lp64_product} {ergonomic}
     bool UseG1GC                                  = true                                      {product} {ergonomic}
     bool UseLargePagesIndividualAllocation        = false                                  {pd product} {ergonomic}

Logging:
Log output configuration:
 #0: stdout all=warning uptime,level,tags foldmultilines=false
 #1: stderr all=off uptime,level,tags foldmultilines=false

Environment Variables:
PATH=C:\Program Files\Common Files\Oracle\Java\javapath;C:\Program Files\Python313\Scripts\;C:\Program Files\Python313\;C:\windows\system32;C:\windows;C:\windows\System32\Wbem;C:\windows\System32\WindowsPowerShell\v1.0\;C:\windows\System32\OpenSSH\;C:\Program Files (x86)\NVIDIA Corporation\PhysX\Common;C:\Program Files\NVIDIA Corporation\NVIDIA NvDLISR;C:\Users\Administrator\AppData\Local\Microsoft\WindowsApps;C:\Program Files\HP\OMEN-Broadcast\Common;C:\WINDOWS\system32;C:\WINDOWS;C:\WINDOWS\System32\Wbem;C:\WINDOWS\System32\WindowsPowerShell\v1.0\;C:\WINDOWS\System32\OpenSSH\;C:\Program Files\HP\HP One Agent;C:\Users\vinay\Downloads\jdk-24_windows-x64_bin\jdk-24.0.2\bin;C:\Program Files\Java\jdk-24\bin;C:\Program Files\Git\cmd;C:\Program Files\MySQL\MySQL Shell 8.0\bin\;C:\Users\vinay\AppData\Local\Microsoft\WindowsApps;C:\Users\vinay\AppData\Local\Programs\Microsoft VS Code\bin;C:\Users\vinay\Downloads\jdk-21.0.7_windows-x64_bin\jdk-21.0.7\bin;C:\Users\vinay\Downloads\apache-maven-3.9.11-bin\apache-maven-3.9.11\bin;C:\Program Files (x86)\jdk-21.0.7_windows-x64_bin\jdk-21.0.7\bin;C:\Program Files\Java\jdk-21\bin;C:\Users\vinay\AppData\Local\GitHubDesktop\bin
USERNAME=vinay
OS=Windows_NT
PROCESSOR_IDENTIFIER=Intel64 Family 6 Model 186 Stepping 2, GenuineIntel
TMP=C:\Users\vinay\AppData\Local\Temp
TEMP=C:\Users\vinay\AppData\Local\Temp




Periodic native trim disabled

---------------  S Y S T E M  ---------------

OS:
 Windows 11 , 64 bit Build 26100 (10.0.26100.6725)
OS uptime: 0 days 17:53 hours
Hyper-V role detected

CPU: total 12 (initial active 12) (6 cores per cpu, 2 threads per core) family 6 model 186 stepping 2 microcode 0x4122, cx8, cmov, fxsr, ht, mmx, 3dnowpref, sse, sse2, sse3, ssse3, sse4.1, sse4.2, popcnt, lzcnt, tsc, tscinvbit, avx, avx2, aes, erms, clmul, bmi1, bmi2, adx, sha, fma, vzeroupper, clflush, clflushopt, clwb, hv, serialize, rdtscp, rdpid, fsrm, gfni, f16c, cet_ibt, cet_ss
Processor Information for the first 12 processors :
  Max Mhz: 2100, Current Mhz: 2100, Mhz Limit: 2100

Memory: 4k page, system-wide physical 16024M (3354M free)
TotalPageFile size 65176M (AvailPageFile size 114M)
current process WorkingSet (physical memory assigned to process): 14M, peak: 14M
current process commit charge ("private bytes"): 65M, peak: 317M

vm_info: OpenJDK 64-Bit Server VM (24.0.2+12) for windows-amd64 JRE (24.0.2+12) (Zulu24.32+13-CA), built on 2025-07-11T12:45:44Z with MS VC++ 17.1 (VS2022)

END.
